0 info it worked if it ends with ok
1 verbose cli [ '/Users/yoshikawa_t/.nodebrew/node/v4.4.4/bin/node',
1 verbose cli   '/Users/yoshikawa_t/.nodebrew/current/bin/npm',
1 verbose cli   'run',
1 verbose cli   'mobile:run:ios' ]
2 info using npm@2.15.1
3 info using node@v4.4.4
4 verbose stack Error: missing script: mobile:run:ios
4 verbose stack     at run (/Users/yoshikawa_t/.nodebrew/node/v4.4.4/lib/node_modules/npm/lib/run-script.js:142:19)
4 verbose stack     at /Users/yoshikawa_t/.nodebrew/node/v4.4.4/lib/node_modules/npm/lib/run-script.js:58:5
4 verbose stack     at /Users/yoshikawa_t/.nodebrew/node/v4.4.4/lib/node_modules/npm/node_modules/read-package-json/read-json.js:345:5
4 verbose stack     at checkBinReferences_ (/Users/yoshikawa_t/.nodebrew/node/v4.4.4/lib/node_modules/npm/node_modules/read-package-json/read-json.js:309:45)
4 verbose stack     at final (/Users/yoshikawa_t/.nodebrew/node/v4.4.4/lib/node_modules/npm/node_modules/read-package-json/read-json.js:343:3)
4 verbose stack     at then (/Users/yoshikawa_t/.nodebrew/node/v4.4.4/lib/node_modules/npm/node_modules/read-package-json/read-json.js:113:5)
4 verbose stack     at /Users/yoshikawa_t/.nodebrew/node/v4.4.4/lib/node_modules/npm/node_modules/read-package-json/read-json.js:300:12
4 verbose stack     at /Users/yoshikawa_t/.nodebrew/node/v4.4.4/lib/node_modules/npm/node_modules/graceful-fs/graceful-fs.js:78:16
4 verbose stack     at FSReqWrap.readFileAfterClose [as oncomplete] (fs.js:380:3)
5 verbose cwd /Users/yoshikawa_t/Projects/events
6 error Darwin 14.5.0
7 error argv "/Users/yoshikawa_t/.nodebrew/node/v4.4.4/bin/node" "/Users/yoshikawa_t/.nodebrew/current/bin/npm" "run" "mobile:run:ios"
8 error node v4.4.4
9 error npm  v2.15.1
10 error missing script: mobile:run:ios
11 error If you need help, you may report this error at:
11 error     <https://github.com/npm/npm/issues>
12 verbose exit [ 1, true ]
